          Conflict: The following destination is shared by multiple files.
                    The written file may end up with unexpected contents.
                    D:/_deploy/lawfare-timeline/docs/assets/css/jekyll-theme-chirpy.css
                     - assets/css/jekyll-theme-chirpy.scss
                     - D:/_deploy/lawfare-timeline/assets/css/jekyll-theme-chirpy.css

          Conflict: The following destination is shared by multiple files.
                    The written file may end up with unexpected contents.
                    D:/_deploy/lawfare-timeline/docs/assets/img/favicons/browserconfig.xml
                     - assets/img/favicons/browserconfig.xml
                     - D:/_deploy/lawfare-timeline/assets/img/favicons/browserconfig.xml

          Conflict: The following destination is shared by multiple files.
                    The written file may end up with unexpected contents.
                    D:/_deploy/lawfare-timeline/docs/assets/img/favicons/site.webmanifest
                     - assets/img/favicons/site.webmanifest
                     - D:/_deploy/lawfare-timeline/assets/img/favicons/site.webmanifest

          Conflict: The following destination is shared by multiple files.
                    The written file may end up with unexpected contents.
                    D:/_deploy/lawfare-timeline/docs/assets/js/data/mathjax.js
                     - assets/js/data/mathjax.js
                     - D:/_deploy/lawfare-timeline/assets/js/data/mathjax.js

          Conflict: The following destination is shared by multiple files.
                    The written file may end up with unexpected contents.
                    D:/_deploy/lawfare-timeline/docs/assets/js/data/swconf.js
                     - assets/js/data/swconf.js
                     - D:/_deploy/lawfare-timeline/assets/js/data/swconf.js

          Conflict: The following destination is shared by multiple files.
                    The written file may end up with unexpected contents.
                    D:/_deploy/lawfare-timeline/docs/tags/sao-paulo/index.html
                     - tags/sao-paulo/index.html
                     - tags/sao-paulo/index.html

          Conflict: The following destination is shared by multiple files.
                    The written file may end up with unexpected contents.
                    D:/_deploy/lawfare-timeline/docs/tags/crime-organizado/index.html
                     - tags/crime-organizado/index.html
                     - tags/crime-organizado/index.html

          Conflict: The following destination is shared by multiple files.
                    The written file may end up with unexpected contents.
                    D:/_deploy/lawfare-timeline/docs/tags/trafico-de-drogas/index.html
                     - tags/trafico-de-drogas/index.html
                     - tags/trafico-de-drogas/index.html

          Conflict: The following destination is shared by multiple files.
                    The written file may end up with unexpected contents.
                    D:/_deploy/lawfare-timeline/docs/tags/espirito-santo/index.html
                     - tags/espirito-santo/index.html
                     - tags/espirito-santo/index.html

          Conflict: The following destination is shared by multiple files.
                    The written file may end up with unexpected contents.
                    D:/_deploy/lawfare-timeline/docs/tags/pcc/index.html
                     - tags/pcc/index.html
                     - tags/pcc/index.html

          Conflict: The following destination is shared by multiple files.
                    The written file may end up with unexpected contents.
                    D:/_deploy/lawfare-timeline/docs/tags/portugal/index.html
                     - tags/portugal/index.html
                     - tags/portugal/index.html

          Conflict: The following destination is shared by multiple files.
                    The written file may end up with unexpected contents.
                    D:/_deploy/lawfare-timeline/docs/tags/pf/index.html
                     - tags/pf/index.html
                     - tags/pf/index.html

          Conflict: The following destination is shared by multiple files.
                    The written file may end up with unexpected contents.
                    D:/_deploy/lawfare-timeline/docs/tags/lawfare/index.html
                     - tags/lawfare/index.html
                     - tags/lawfare/index.html

          Conflict: The following destination is shared by multiple files.
                    The written file may end up with unexpected contents.
                    D:/_deploy/lawfare-timeline/docs/tags/fake-news/index.html
                     - tags/fake-news/index.html
                     - tags/fake-news/index.html

          Conflict: The following destination is shared by multiple files.
                    The written file may end up with unexpected contents.
                    D:/_deploy/lawfare-timeline/docs/tags/rio-de-janeiro/index.html
                     - tags/rio-de-janeiro/index.html
                     - tags/rio-de-janeiro/index.html

          Conflict: The following destination is shared by multiple files.
                    The written file may end up with unexpected contents.
                    D:/_deploy/lawfare-timeline/docs/tags/liberdade-de-imprensa/index.html
                     - tags/liberdade-de-imprensa/index.html
                     - tags/liberdade-de-imprensa/index.html

          Conflict: The following destination is shared by multiple files.
                    The written file may end up with unexpected contents.
                    D:/_deploy/lawfare-timeline/docs/tags/bolsonaro/index.html
                     - tags/bolsonaro/index.html
                     - tags/bolsonaro/index.html

          Conflict: The following destination is shared by multiple files.
                    The written file may end up with unexpected contents.
                    D:/_deploy/lawfare-timeline/docs/tags/grilagem-de-terras/index.html
                     - tags/grilagem-de-terras/index.html
                     - tags/grilagem-de-terras/index.html

          Conflict: The following destination is shared by multiple files.
                    The written file may end up with unexpected contents.
                    D:/_deploy/lawfare-timeline/docs/tags/venezuela/index.html
                     - tags/venezuela/index.html
                     - tags/venezuela/index.html

          Conflict: The following destination is shared by multiple files.
                    The written file may end up with unexpected contents.
                    D:/_deploy/lawfare-timeline/docs/tags/cpi/index.html
                     - tags/cpi/index.html
                     - tags/cpi/index.html

          Conflict: The following destination is shared by multiple files.
                    The written file may end up with unexpected contents.
                    D:/_deploy/lawfare-timeline/docs/tags/golpe-de-estado/index.html
                     - tags/golpe-de-estado/index.html
                     - tags/golpe-de-estado/index.html

          Conflict: The following destination is shared by multiple files.
                    The written file may end up with unexpected contents.
                    D:/_deploy/lawfare-timeline/docs/tags/x/index.html
                     - tags/x/index.html
                     - tags/x/index.html

          Conflict: The following destination is shared by multiple files.
                    The written file may end up with unexpected contents.
                    D:/_deploy/lawfare-timeline/docs/tags/prisao-domiciliar/index.html
                     - tags/prisao-domiciliar/index.html
                     - tags/prisao-domiciliar/index.html

          Conflict: The following destination is shared by multiple files.
                    The written file may end up with unexpected contents.
                    D:/_deploy/lawfare-timeline/docs/tags/direitos-fundamentais/index.html
                     - tags/direitos-fundamentais/index.html
                     - tags/direitos-fundamentais/index.html

          Conflict: The following destination is shared by multiple files.
                    The written file may end up with unexpected contents.
                    D:/_deploy/lawfare-timeline/docs/tags/mlat/index.html
                     - tags/mlat/index.html
                     - tags/mlat/index.html

          Conflict: The following destination is shared by multiple files.
                    The written file may end up with unexpected contents.
                    D:/_deploy/lawfare-timeline/docs/tags/trump/index.html
                     - tags/trump/index.html
                     - tags/trump/index.html

          Conflict: The following destination is shared by multiple files.
                    The written file may end up with unexpected contents.
                    D:/_deploy/lawfare-timeline/docs/tags/banco-central/index.html
                     - tags/banco-central/index.html
                     - tags/banco-central/index.html

          Conflict: The following destination is shared by multiple files.
                    The written file may end up with unexpected contents.
                    D:/_deploy/lawfare-timeline/docs/assets/css/jekyll-theme-chirpy.css.map
                     - assets/css/jekyll-theme-chirpy.css.map
                     - D:/_deploy/lawfare-timeline/assets/css/jekyll-theme-chirpy.css.map

          Conflict: The following destination is shared by multiple files.
                    The written file may end up with unexpected contents.
                    D:/_deploy/lawfare-timeline/docs/posts/escandalo-do-inss/index.html
                     - D:/_deploy/lawfare-timeline/_posts/escandalos/1992-01-01-escandalo-do-inss.md
                     - D:/_deploy/lawfare-timeline/_posts/escandalos/2025-04-23-escandalo-do-inss.md

          Conflict: The following destination is shared by multiple files.
                    The written file may end up with unexpected contents.
                    D:/_deploy/lawfare-timeline/docs/posts/escandalo-do-proer/index.html
                     - D:/_deploy/lawfare-timeline/_posts/escandalos/1995-01-01-escandalo-do-proer.md
                     - D:/_deploy/lawfare-timeline/_posts/escandalos/1995-11-01-escandalo-do-proer.md

          Conflict: The following destination is shared by multiple files.
                    The written file may end up with unexpected contents.
                    D:/_deploy/lawfare-timeline/docs/posts/escandalo-do-proprinoduto/index.html
                     - D:/_deploy/lawfare-timeline/_posts/escandalos/2002-01-01-escandalo-do-proprinoduto.md
                     - D:/_deploy/lawfare-timeline/_posts/escandalos/2003-01-01-escandalo-do-proprinoduto.md

          Conflict: The following destination is shared by multiple files.
                    The written file may end up with unexpected contents.
                    D:/_deploy/lawfare-timeline/docs/posts/caso-pinheiro-landim/index.html
                     - D:/_deploy/lawfare-timeline/_posts/escandalos/2003-01-01-caso-pinheiro-landim.md
                     - D:/_deploy/lawfare-timeline/_posts/escandalos/2006-01-01-caso-pinheiro-landim.md

          Conflict: The following destination is shared by multiple files.
                    The written file may end up with unexpected contents.
                    D:/_deploy/lawfare-timeline/docs/posts/operacao-anaconda/index.html
                     - D:/_deploy/lawfare-timeline/_posts/escandalos/2003-01-01-operacao-anaconda.md
                     - D:/_deploy/lawfare-timeline/_posts/operacoes/2003-10-30-operacao-anaconda.md

          Conflict: The following destination is shared by multiple files.
                    The written file may end up with unexpected contents.
                    D:/_deploy/lawfare-timeline/docs/posts/caso-agnelo-queiroz/index.html
                     - D:/_deploy/lawfare-timeline/_posts/escandalos/2004-01-01-caso-agnelo-queiroz.md
                     - D:/_deploy/lawfare-timeline/_posts/escandalos/2007-01-01-caso-agnelo-queiroz.md

          Conflict: The following destination is shared by multiple files.
                    The written file may end up with unexpected contents.
                    D:/_deploy/lawfare-timeline/docs/posts/escandalo-do-ministerio-do-trabalho/index.html
                     - D:/_deploy/lawfare-timeline/_posts/escandalos/2004-01-01-escandalo-do-ministerio-do-trabalho.md
                     - D:/_deploy/lawfare-timeline/_posts/escandalos/2011-01-01-escandalo-do-ministerio-do-trabalho.md

          Conflict: The following destination is shared by multiple files.
                    The written file may end up with unexpected contents.
                    D:/_deploy/lawfare-timeline/docs/posts/escandalo-do-ministerio-dos-esportes/index.html
                     - D:/_deploy/lawfare-timeline/_posts/escandalos/2004-01-01-escandalo-do-ministerio-dos-esportes.md
                     - D:/_deploy/lawfare-timeline/_posts/escandalos/2007-01-01-escandalo-do-ministerio-dos-esportes.md

          Conflict: The following destination is shared by multiple files.
                    The written file may end up with unexpected contents.
                    D:/_deploy/lawfare-timeline/docs/posts/operacao-hurricane/index.html
                     - D:/_deploy/lawfare-timeline/_posts/escandalos/2007-01-01-operacao-hurricane.md
                     - D:/_deploy/lawfare-timeline/_posts/operacoes/2007-04-13-operacao-hurricane.md

          Conflict: The following destination is shared by multiple files.
                    The written file may end up with unexpected contents.
                    D:/_deploy/lawfare-timeline/docs/posts/operacao-navalha/index.html
                     - D:/_deploy/lawfare-timeline/_posts/escandalos/2007-01-01-operacao-navalha.md
                     - D:/_deploy/lawfare-timeline/_posts/operacoes/2007-05-17-operacao-navalha.md

          Conflict: The following destination is shared by multiple files.
                    The written file may end up with unexpected contents.
                    D:/_deploy/lawfare-timeline/docs/posts/operacao-zelotes/index.html
                     - D:/_deploy/lawfare-timeline/_posts/escandalos/2015-01-01-operacao-zelotes.md
                     - D:/_deploy/lawfare-timeline/_posts/justica/2015-01-01-operacao-zelotes.md
                     - D:/_deploy/lawfare-timeline/_posts/bancos/2015-03-26-operacao-zelotes.md
                     - D:/_deploy/lawfare-timeline/_posts/operacoes/2015-03-27-operacao-zelotes.md
                     - D:/_deploy/lawfare-timeline/_posts/escandalos/2016-01-01-operacao-zelotes.md

          Conflict: The following destination is shared by multiple files.
                    The written file may end up with unexpected contents.
                    D:/_deploy/lawfare-timeline/docs/posts/operacao-expresso-150/index.html
                     - D:/_deploy/lawfare-timeline/_posts/justica/2015-01-01-operacao-expresso-150.md
                     - D:/_deploy/lawfare-timeline/_posts/justica/2021-01-01-operacao-expresso-150.md

          Conflict: The following destination is shared by multiple files.
                    The written file may end up with unexpected contents.
                    D:/_deploy/lawfare-timeline/docs/posts/entrevista-no-roda-viva/index.html
                     - D:/_deploy/lawfare-timeline/_posts/decano/2016-04-18-entrevista-no-roda-viva.md
                     - D:/_deploy/lawfare-timeline/_posts/decano/2023-05-08-entrevista-no-roda-viva.md

          Conflict: The following destination is shared by multiple files.
                    The written file may end up with unexpected contents.
                    D:/_deploy/lawfare-timeline/docs/posts/raquel-dodge-entra-com-acao-no-stf-contra-voto-impresso-em-2018-veja/index.html
                     - D:/_deploy/lawfare-timeline/_posts/lawfare/2018-02-05-raquel-dodge-entra-com-acao-no-stf-contra-voto-impresso-em-2018-veja.md
                     - D:/_deploy/lawfare-timeline/_posts/stf/2018-02-05-raquel-dodge-entra-com-acao-no-stf-contra-voto-impresso-em-2018-veja.md

          Conflict: The following destination is shared by multiple files.
                    The written file may end up with unexpected contents.
                    D:/_deploy/lawfare-timeline/docs/posts/fbi-expoe-ao-tse-sua-experiencia-no-combate-as-fake-news/index.html
                     - D:/_deploy/lawfare-timeline/_posts/lawfare/2018-03-05-fbi-expoe-ao-tse-sua-experiencia-no-combate-as-fake-news.md
                     - D:/_deploy/lawfare-timeline/_posts/stf/2018-03-05-fbi-expoe-ao-tse-sua-experiencia-no-combate-as-fake-news.md

          Conflict: The following destination is shared by multiple files.
                    The written file may end up with unexpected contents.
                    D:/_deploy/lawfare-timeline/docs/posts/enfia-essa-pergunta-na-bunda/index.html
                     - D:/_deploy/lawfare-timeline/_posts/lawfare/2018-03-29-enfia-essa-pergunta-na-bunda.md
                     - D:/_deploy/lawfare-timeline/_posts/stf/2018-03-29-enfia-essa-pergunta-na-bunda.md

          Conflict: The following destination is shared by multiple files.
                    The written file may end up with unexpected contents.
                    D:/_deploy/lawfare-timeline/docs/posts/semanalmente/index.html
                     - D:/_deploy/lawfare-timeline/_posts/lawfare/2018-09-20-semanalmente.md
                     - D:/_deploy/lawfare-timeline/_posts/stf/2018-09-20-semanalmente.md

          Conflict: The following destination is shared by multiple files.
                    The written file may end up with unexpected contents.
                    D:/_deploy/lawfare-timeline/docs/posts/fux-revoga-auxilio-moradia-para-juizes-apos-sancao-de-reajuste-para-stf/index.html
                     - D:/_deploy/lawfare-timeline/_posts/lawfare/2018-11-26-fux-revoga-auxilio-moradia-para-juizes-apos-sancao-de-reajuste-para-stf.md
                     - D:/_deploy/lawfare-timeline/_posts/stf/2018-11-26-fux-revoga-auxilio-moradia-para-juizes-apos-sancao-de-reajuste-para-stf.md

          Conflict: The following destination is shared by multiple files.
                    The written file may end up with unexpected contents.
                    D:/_deploy/lawfare-timeline/docs/posts/operacao-faroeste/index.html
                     - D:/_deploy/lawfare-timeline/_posts/justica/2019-01-01-operacao-faroeste.md
                     - D:/_deploy/lawfare-timeline/_posts/operacoes/2019-11-19-operacao-faroeste.md
                     - D:/_deploy/lawfare-timeline/_posts/justica/2021-01-01-operacao-faroeste.md

          Conflict: The following destination is shared by multiple files.
                    The written file may end up with unexpected contents.
                    D:/_deploy/lawfare-timeline/docs/posts/em-14-de-marco-de-2019/index.html
                     - D:/_deploy/lawfare-timeline/_posts/lawfare/2019-03-14-em-14-de-marco-de-2019.md
                     - D:/_deploy/lawfare-timeline/_posts/stf/2019-03-14-em-14-de-marco-de-2019.md

          Conflict: The following destination is shared by multiple files.
                    The written file may end up with unexpected contents.
                    D:/_deploy/lawfare-timeline/docs/posts/o-amigo-do-amigo-de-meu-pai/index.html
                     - D:/_deploy/lawfare-timeline/_posts/lawfare/2019-04-11-o-amigo-do-amigo-de-meu-pai.md
                     - D:/_deploy/lawfare-timeline/_posts/stf/2019-04-11-o-amigo-do-amigo-de-meu-pai.md

          Conflict: The following destination is shared by multiple files.
                    The written file may end up with unexpected contents.
                    D:/_deploy/lawfare-timeline/docs/posts/em-16-de-abril-de-2019/index.html
                     - D:/_deploy/lawfare-timeline/_posts/lawfare/2019-04-16-em-16-de-abril-de-2019.md
                     - D:/_deploy/lawfare-timeline/_posts/stf/2019-04-16-em-16-de-abril-de-2019.md

          Conflict: The following destination is shared by multiple files.
                    The written file may end up with unexpected contents.
                    D:/_deploy/lawfare-timeline/docs/posts/ministro-do-stf-manda-bloquear-redes-sociais-de-general-e-outros-investigados-subversao-da-ordem/index.html
                     - D:/_deploy/lawfare-timeline/_posts/lawfare/2019-04-16-ministro-do-stf-manda-bloquear-redes-sociais-de-general-e-outros-investigados-subversao-da-ordem.md
                     - D:/_deploy/lawfare-timeline/_posts/stf/2019-04-16-ministro-do-stf-manda-bloquear-redes-sociais-de-general-e-outros-investigados-subversao-da-ordem.md

          Conflict: The following destination is shared by multiple files.
                    The written file may end up with unexpected contents.
                    D:/_deploy/lawfare-timeline/docs/posts/corte-no-orcamento-de-universidades-sera-julgado-por-plenario-do-stf/index.html
                     - D:/_deploy/lawfare-timeline/_posts/lawfare/2019-05-10-corte-no-orcamento-de-universidades-sera-julgado-por-plenario-do-stf.md
                     - D:/_deploy/lawfare-timeline/_posts/stf/2019-05-10-corte-no-orcamento-de-universidades-sera-julgado-por-plenario-do-stf.md

          Conflict: The following destination is shared by multiple files.
                    The written file may end up with unexpected contents.
                    D:/_deploy/lawfare-timeline/docs/posts/em-10-de-maio-de-2019/index.html
                     - D:/_deploy/lawfare-timeline/_posts/lawfare/2019-05-10-em-10-de-maio-de-2019.md
                     - D:/_deploy/lawfare-timeline/_posts/stf/2019-05-10-em-10-de-maio-de-2019.md

          Conflict: The following destination is shared by multiple files.
                    The written file may end up with unexpected contents.
                    D:/_deploy/lawfare-timeline/docs/posts/em-12-de-junho-de-2019/index.html
                     - D:/_deploy/lawfare-timeline/_posts/lawfare/2019-06-12-em-12-de-junho-de-2019.md
                     - D:/_deploy/lawfare-timeline/_posts/stf/2019-06-12-em-12-de-junho-de-2019.md

          Conflict: The following destination is shared by multiple files.
                    The written file may end up with unexpected contents.
                    D:/_deploy/lawfare-timeline/docs/posts/em-24-de-junho-de-2019/index.html
                     - D:/_deploy/lawfare-timeline/_posts/lawfare/2019-06-24-em-24-de-junho-de-2019.md
                     - D:/_deploy/lawfare-timeline/_posts/stf/2019-06-24-em-24-de-junho-de-2019.md

          Conflict: The following destination is shared by multiple files.
                    The written file may end up with unexpected contents.
                    D:/_deploy/lawfare-timeline/docs/posts/nova-prorrogacao-do-inquerito-das-fake-news-por-mais-180-dias/index.html
                     - D:/_deploy/lawfare-timeline/_posts/dossie/2020-07-01-nova-prorrogacao-do-inquerito-das-fake-news-por-mais-180-dias.md
                     - D:/_deploy/lawfare-timeline/_posts/dossie/2022-06-30-nova-prorrogacao-do-inquerito-das-fake-news-por-mais-180-dias.md
                     - D:/_deploy/lawfare-timeline/_posts/dossie/2023-01-23-nova-prorrogacao-do-inquerito-das-fake-news-por-mais-180-dias.md
                     - D:/_deploy/lawfare-timeline/_posts/dossie/2023-06-27-nova-prorrogacao-do-inquerito-das-fake-news-por-mais-180-dias.md
                     - D:/_deploy/lawfare-timeline/_posts/dossie/2024-07-18-nova-prorrogacao-do-inquerito-das-fake-news-por-mais-180-dias.md
                     - D:/_deploy/lawfare-timeline/_posts/dossie/2025-01-15-nova-prorrogacao-do-inquerito-das-fake-news-por-mais-180-dias.md

          Conflict: The following destination is shared by multiple files.
                    The written file may end up with unexpected contents.
                    D:/_deploy/lawfare-timeline/docs/posts/nova-prorrogacao-do-inquerito-das-fake-news-por-mais-90-dias/index.html
                     - D:/_deploy/lawfare-timeline/_posts/dossie/2021-01-14-nova-prorrogacao-do-inquerito-das-fake-news-por-mais-90-dias.md
                     - D:/_deploy/lawfare-timeline/_posts/dossie/2021-04-09-nova-prorrogacao-do-inquerito-das-fake-news-por-mais-90-dias.md
                     - D:/_deploy/lawfare-timeline/_posts/dossie/2021-07-02-nova-prorrogacao-do-inquerito-das-fake-news-por-mais-90-dias.md
                     - D:/_deploy/lawfare-timeline/_posts/dossie/2021-10-05-nova-prorrogacao-do-inquerito-das-fake-news-por-mais-90-dias.md
                     - D:/_deploy/lawfare-timeline/_posts/dossie/2022-01-03-nova-prorrogacao-do-inquerito-das-fake-news-por-mais-90-dias.md
                     - D:/_deploy/lawfare-timeline/_posts/dossie/2022-04-04-nova-prorrogacao-do-inquerito-das-fake-news-por-mais-90-dias.md

          Conflict: The following destination is shared by multiple files.
                    The written file may end up with unexpected contents.
                    D:/_deploy/lawfare-timeline/docs/posts/declaracao-sobre-bolsonaro/index.html
                     - D:/_deploy/lawfare-timeline/_posts/decano/2021-06-02-declaracao-sobre-bolsonaro.md
                     - D:/_deploy/lawfare-timeline/_posts/decano/2024-02-28-declaracao-sobre-bolsonaro.md

          Conflict: The following destination is shared by multiple files.
                    The written file may end up with unexpected contents.
                    D:/_deploy/lawfare-timeline/docs/posts/prisao-de-roberto-jefferson-por-criticas-ao-stf/index.html
                     - D:/_deploy/lawfare-timeline/_posts/dossie/2021-06-24-prisao-de-roberto-jefferson-por-criticas-ao-stf.md
                     - D:/_deploy/lawfare-timeline/_posts/dossie/2021-08-13-prisao-de-roberto-jefferson-por-criticas-ao-stf.md

          Conflict: The following destination is shared by multiple files.
                    The written file may end up with unexpected contents.
                    D:/_deploy/lawfare-timeline/docs/posts/condenacao-de-daniel-silveira-a-8-anos-e-9-meses-de-prisao/index.html
                     - D:/_deploy/lawfare-timeline/_posts/dossie/2021-11-24-condenacao-de-daniel-silveira-a-8-anos-e-9-meses-de-prisao.md
                     - D:/_deploy/lawfare-timeline/_posts/dossie/2022-04-20-condenacao-de-daniel-silveira-a-8-anos-e-9-meses-de-prisao.md

          Conflict: The following destination is shared by multiple files.
                    The written file may end up with unexpected contents.
                    D:/_deploy/lawfare-timeline/docs/posts/diretor-da-cia-teria-alertado-governo-bolsonaro-a-nao-questionar-eleicoes-no-brasil/index.html
                     - D:/_deploy/lawfare-timeline/_posts/lawfare/2022-05-05-diretor-da-cia-teria-alertado-governo-bolsonaro-a-nao-questionar-eleicoes-no-brasil.md
                     - D:/_deploy/lawfare-timeline/_posts/stf/2022-05-05-diretor-da-cia-teria-alertado-governo-bolsonaro-a-nao-questionar-eleicoes-no-brasil.md

          Conflict: The following destination is shared by multiple files.
                    The written file may end up with unexpected contents.
                    D:/_deploy/lawfare-timeline/docs/posts/sem-terra-invadem-fazenda-produtiva-com-apoio-do-pt/index.html
                     - D:/_deploy/lawfare-timeline/_posts/lawfare/2023-06-10-sem-terra-invadem-fazenda-produtiva-com-apoio-do-pt.md
                     - D:/_deploy/lawfare-timeline/_posts/stf/2023-06-10-sem-terra-invadem-fazenda-produtiva-com-apoio-do-pt.md

          Conflict: The following destination is shared by multiple files.
                    The written file may end up with unexpected contents.
                    D:/_deploy/lawfare-timeline/docs/posts/the-semiconductor-crisis-could-have-cost-brazil-its-democracy/index.html
                     - D:/_deploy/lawfare-timeline/_posts/lawfare/2023-06-14-the-semiconductor-crisis-could-have-cost-brazil-its-democracy.md
                     - D:/_deploy/lawfare-timeline/_posts/stf/2023-06-14-the-semiconductor-crisis-could-have-cost-brazil-its-democracy.md

          Conflict: The following destination is shared by multiple files.
                    The written file may end up with unexpected contents.
                    D:/_deploy/lawfare-timeline/docs/posts/em-15-de-junho-de-2023/index.html
                     - D:/_deploy/lawfare-timeline/_posts/lawfare/2023-06-15-em-15-de-junho-de-2023.md
                     - D:/_deploy/lawfare-timeline/_posts/stf/2023-06-15-em-15-de-junho-de-2023.md

          Conflict: The following destination is shared by multiple files.
                    The written file may end up with unexpected contents.
                    D:/_deploy/lawfare-timeline/docs/posts/moraes-manda-pf-colher-depoimento-de-monark-radio-bandnews-fm/index.html
                     - D:/_deploy/lawfare-timeline/_posts/lawfare/2023-06-15-moraes-manda-pf-colher-depoimento-de-monark-radio-bandnews-fm.md
                     - D:/_deploy/lawfare-timeline/_posts/stf/2023-06-15-moraes-manda-pf-colher-depoimento-de-monark-radio-bandnews-fm.md

          Conflict: The following destination is shared by multiple files.
                    The written file may end up with unexpected contents.
                    D:/_deploy/lawfare-timeline/docs/posts/a-materia-da-revista-forum-afirma-que-o-ministro-barroso-montou-o-seu-proprio-ministerio-das-relacoes-exteriores-para-conseguir-semicondutores-em-2021/index.html
                     - D:/_deploy/lawfare-timeline/_posts/lawfare/2023-06-16-a-materia-da-revista-forum-afirma-que-o-ministro-barroso-montou-o-seu-proprio-ministerio-das-relacoes-exteriores-para-conseguir-semicondutores-em-2021.md
                     - D:/_deploy/lawfare-timeline/_posts/stf/2023-06-16-a-materia-da-revista-forum-afirma-que-o-ministro-barroso-montou-o-seu-proprio-ministerio-das-relacoes-exteriores-para-conseguir-semicondutores-em-2021.md

          Conflict: The following destination is shared by multiple files.
                    The written file may end up with unexpected contents.
                    D:/_deploy/lawfare-timeline/docs/posts/ministro-de-lula-ja-supera-4-anos-de-bolsonaro-em-gastos-sem-licitacao/index.html
                     - D:/_deploy/lawfare-timeline/_posts/lawfare/2023-06-21-ministro-de-lula-ja-supera-4-anos-de-bolsonaro-em-gastos-sem-licitacao.md
                     - D:/_deploy/lawfare-timeline/_posts/stf/2023-06-21-ministro-de-lula-ja-supera-4-anos-de-bolsonaro-em-gastos-sem-licitacao.md

          Conflict: The following destination is shared by multiple files.
                    The written file may end up with unexpected contents.
                    D:/_deploy/lawfare-timeline/docs/posts/pcc-investe-na-formacao-de-candidatos-de-concursos-para-juizes-e-promotores/index.html
                     - D:/_deploy/lawfare-timeline/_posts/lawfare/2023-06-22-pcc-investe-na-formacao-de-candidatos-de-concursos-para-juizes-e-promotores.md
                     - D:/_deploy/lawfare-timeline/_posts/stf/2023-06-22-pcc-investe-na-formacao-de-candidatos-de-concursos-para-juizes-e-promotores.md

          Conflict: The following destination is shared by multiple files.
                    The written file may end up with unexpected contents.
                    D:/_deploy/lawfare-timeline/docs/posts/stf-anula-condenacao-da-petrobras-em-acao-trabalhista-bilionaria/index.html
                     - D:/_deploy/lawfare-timeline/_posts/lawfare/2023-06-26-stf-anula-condenacao-da-petrobras-em-acao-trabalhista-bilionaria.md
                     - D:/_deploy/lawfare-timeline/_posts/stf/2023-06-26-stf-anula-condenacao-da-petrobras-em-acao-trabalhista-bilionaria.md

          Conflict: The following destination is shared by multiple files.
                    The written file may end up with unexpected contents.
                    D:/_deploy/lawfare-timeline/docs/posts/stf-toffoli-nega-novo-recurso-de-dallagnol-e-mantem-cassacao-pelo-tse/index.html
                     - D:/_deploy/lawfare-timeline/_posts/lawfare/2023-06-28-stf-toffoli-nega-novo-recurso-de-dallagnol-e-mantem-cassacao-pelo-tse.md
                     - D:/_deploy/lawfare-timeline/_posts/stf/2023-06-28-stf-toffoli-nega-novo-recurso-de-dallagnol-e-mantem-cassacao-pelo-tse.md

          Conflict: The following destination is shared by multiple files.
                    The written file may end up with unexpected contents.
                    D:/_deploy/lawfare-timeline/docs/posts/em-04-de-julho-de-2023/index.html
                     - D:/_deploy/lawfare-timeline/_posts/lawfare/2023-07-04-em-04-de-julho-de-2023.md
                     - D:/_deploy/lawfare-timeline/_posts/stf/2023-07-04-em-04-de-julho-de-2023.md

          Conflict: The following destination is shared by multiple files.
                    The written file may end up with unexpected contents.
                    D:/_deploy/lawfare-timeline/docs/posts/em-12-de-julho-de-2023/index.html
                     - D:/_deploy/lawfare-timeline/_posts/lawfare/2023-07-12-em-12-de-julho-de-2023.md
                     - D:/_deploy/lawfare-timeline/_posts/stf/2023-07-12-em-12-de-julho-de-2023.md

          Conflict: The following destination is shared by multiple files.
                    The written file may end up with unexpected contents.
                    D:/_deploy/lawfare-timeline/docs/posts/busca-e-apreensao-em-suspeitos-de-hostilizar-moraes-extrapolam-a-lei/index.html
                     - D:/_deploy/lawfare-timeline/_posts/lawfare/2023-07-19-busca-e-apreensao-em-suspeitos-de-hostilizar-moraes-extrapolam-a-lei.md
                     - D:/_deploy/lawfare-timeline/_posts/stf/2023-07-19-busca-e-apreensao-em-suspeitos-de-hostilizar-moraes-extrapolam-a-lei.md

          Conflict: The following destination is shared by multiple files.
                    The written file may end up with unexpected contents.
                    D:/_deploy/lawfare-timeline/docs/posts/cnj-suspende-redes-sociais-de-juiz-do-trf-2-acusado-de-atuar-como-coach-de-advogados/index.html
                     - D:/_deploy/lawfare-timeline/_posts/lawfare/2023-07-19-cnj-suspende-redes-sociais-de-juiz-do-trf-2-acusado-de-atuar-como-coach-de-advogados.md
                     - D:/_deploy/lawfare-timeline/_posts/stf/2023-07-19-cnj-suspende-redes-sociais-de-juiz-do-trf-2-acusado-de-atuar-como-coach-de-advogados.md

          Conflict: The following destination is shared by multiple files.
                    The written file may end up with unexpected contents.
                    D:/_deploy/lawfare-timeline/docs/posts/para-dino/index.html
                     - D:/_deploy/lawfare-timeline/_posts/lawfare/2023-07-21-para-dino.md
                     - D:/_deploy/lawfare-timeline/_posts/stf/2023-07-21-para-dino.md

          Conflict: The following destination is shared by multiple files.
                    The written file may end up with unexpected contents.
                    D:/_deploy/lawfare-timeline/docs/posts/que-o-stf-nos-proteja-do-stf-se-o-caso-dos-ataques-a-moraes-virar-jogo-de-sete-erros/index.html
                     - D:/_deploy/lawfare-timeline/_posts/lawfare/2023-07-21-que-o-stf-nos-proteja-do-stf-se-o-caso-dos-ataques-a-moraes-virar-jogo-de-sete-erros.md
                     - D:/_deploy/lawfare-timeline/_posts/stf/2023-07-21-que-o-stf-nos-proteja-do-stf-se-o-caso-dos-ataques-a-moraes-virar-jogo-de-sete-erros.md

          Conflict: The following destination is shared by multiple files.
                    The written file may end up with unexpected contents.
                    D:/_deploy/lawfare-timeline/docs/posts/vaias-a-barroso-fortalecem-o-fascismo-a-esquerda-pequeno-burguesa-se-tornou-mais-defensora-da-ditadura-do-stf-que-os-proprios-juizes/index.html
                     - D:/_deploy/lawfare-timeline/_posts/lawfare/2023-07-21-vaias-a-barroso-fortalecem-o-fascismo-a-esquerda-pequeno-burguesa-se-tornou-mais-defensora-da-ditadura-do-stf-que-os-proprios-juizes.md
                     - D:/_deploy/lawfare-timeline/_posts/stf/2023-07-21-vaias-a-barroso-fortalecem-o-fascismo-a-esquerda-pequeno-burguesa-se-tornou-mais-defensora-da-ditadura-do-stf-que-os-proprios-juizes.md

          Conflict: The following destination is shared by multiple files.
                    The written file may end up with unexpected contents.
                    D:/_deploy/lawfare-timeline/docs/posts/busca-contra-carlos-bolsonaro-por-abin-paralela/index.html
                     - D:/_deploy/lawfare-timeline/_posts/dossie/2023-10-18-busca-contra-carlos-bolsonaro-por-abin-paralela.md
                     - D:/_deploy/lawfare-timeline/_posts/dossie/2024-01-18-busca-contra-carlos-bolsonaro-por-abin-paralela.md

          Conflict: The following destination is shared by multiple files.
                    The written file may end up with unexpected contents.
                    D:/_deploy/lawfare-timeline/docs/posts/operacao-18-minutos/index.html
                     - D:/_deploy/lawfare-timeline/_posts/justica/2024-01-01-operacao-18-minutos.md
                     - D:/_deploy/lawfare-timeline/_posts/justica/2025-02-10-operacao-18-minutos.md

          Conflict: The following destination is shared by multiple files.
                    The written file may end up with unexpected contents.
                    D:/_deploy/lawfare-timeline/docs/posts/entrevista-a-cartacapital/index.html
                     - D:/_deploy/lawfare-timeline/_posts/decano/2024-02-27-entrevista-a-cartacapital.md
                     - D:/_deploy/lawfare-timeline/_posts/decano/2024-12-12-entrevista-a-cartacapital.md

          Conflict: The following destination is shared by multiple files.
                    The written file may end up with unexpected contents.
                    D:/_deploy/lawfare-timeline/docs/posts/jantar-com-lula-e-ministros-do-stf/index.html
                     - D:/_deploy/lawfare-timeline/_posts/decano/2024-04-17-jantar-com-lula-e-ministros-do-stf.md
                     - D:/_deploy/lawfare-timeline/_posts/decano/2025-07-31-jantar-com-lula-e-ministros-do-stf.md

          Conflict: The following destination is shared by multiple files.
                    The written file may end up with unexpected contents.
                    D:/_deploy/lawfare-timeline/docs/posts/entrevista-a-cnn/index.html
                     - D:/_deploy/lawfare-timeline/_posts/decano/2024-06-25-entrevista-a-cnn.md
                     - D:/_deploy/lawfare-timeline/_posts/decano/2025-06-26-entrevista-a-cnn.md

          Conflict: The following destination is shared by multiple files.
                    The written file may end up with unexpected contents.
                    D:/_deploy/lawfare-timeline/docs/posts/lula-e-la-eu-encontro-com-uma/index.html
                     - D:/_deploy/lawfare-timeline/_posts/indecoro/2025-01-01-lula-e-la-eu-encontro-com-uma-.md
                     - D:/_deploy/lawfare-timeline/_posts/indecoro/2025-08-01-lula-e-la-eu-encontro-com-uma-.md

          Conflict: The following destination is shared by multiple files.
                    The written file may end up with unexpected contents.
                    D:/_deploy/lawfare-timeline/docs/posts/silas-malafaia-foi-alvo-de-uma-operacao-de-busca-e-apreensao-da-policia-federal/index.html
                     - D:/_deploy/lawfare-timeline/_posts/operacoes/2025-08-20-silas-malafaia-foi-alvo-de-uma-operacao-de-busca-e-apreensao-da-policia-federal.md
                     - D:/_deploy/lawfare-timeline/_posts/lawfare/2025-08-20-silas-malafaia-foi-alvo-de-uma-operacao-de-busca-e-apreensao-da-policia-federal.md